Running: C:\Xilinx\14.7\ISE_DS\ISE\bin\nt64\unwrapped\fuse.exe -intstyle ise -incremental -lib unisims_ver -lib unimacro_ver -lib xilinxcorelib_ver -lib secureip -o C:/Users/imannet/Desktop/test/testingStuf/vending_machine_isim_beh.exe -prj C:/Users/imannet/Desktop/test/testingStuf/vending_machine_beh.prj work.vending_machine work.glbl 
ISim P.20131013 (signature 0x7708f090)
Number of CPUs detected in this system: 4
Turning on mult-threading, number of parallel sub-compilation jobs: 8 
Determining compilation order of HDL files
Analyzing Verilog file "C:/Users/imannet/Desktop/test/testingStuf/get_money.v" into library work
Analyzing Verilog file "C:/Users/imannet/Desktop/test/testingStuf/costumer.v" into library work
Analyzing Verilog file "C:/Users/imannet/Desktop/test/testingStuf/charge.v" into library work
Analyzing Verilog file "C:/Users/imannet/Desktop/test/testingStuf/project.v" into library work
Analyzing Verilog file "C:/Xilinx/14.7/ISE_DS/ISE//verilog/src/glbl.v" into library work
Starting static elaboration
Completed static elaboration
Compiling module charge
Compiling module get_money
Compiling module customer
Compiling module vending_machine
Compiling module glbl
Time Resolution for simulation is 1ps.
Waiting for 1 sub-compilation(s) to finish...
Compiled 5 Verilog Units
Built simulation executable C:/Users/imannet/Desktop/test/testingStuf/vending_machine_isim_beh.exe
Fuse Memory Usage: 28604 KB
Fuse CPU Usage: 577 ms
